<?xml version="1.0" encoding="UTF-8"?>
<testsuite name="ru.mai.lessons.rpks.ServiceTest" tests="1" skipped="0" failures="0" errors="0" timestamp="2025-06-20T11:52:16" hostname="192.168.1.4" time="28.312">
  <properties/>
  <testcase name="testServiceFilteringAddNewRule()" classname="ru.mai.lessons.rpks.ServiceTest" time="28.312"/>
  <system-out><![CDATA[15:52:16,458 |-INFO in ch.qos.logback.classic.LoggerContext[default] - This is logback-classic version 1.4.5
15:52:16,467 |-INFO in ch.qos.logback.classic.LoggerContext[default] - Could NOT find resource [logback-test.xml]
15:52:16,468 |-INFO in ch.qos.logback.classic.LoggerContext[default] - Found resource [logback.xml] at [file:/Users/oduvanchik/javaLabs/JavaServiceFiltering/build/resources/test/logback.xml]
15:52:16,504 |-INFO in ch.qos.logback.core.model.processor.AppenderModelHandler - Processing appender named [CONSOLE]
15:52:16,504 |-INFO in ch.qos.logback.core.model.processor.AppenderModelHandler - About to instantiate appender of type [ch.qos.logback.core.ConsoleAppender]
15:52:16,514 |-WARN in ch.qos.logback.core.ConsoleAppender[CONSOLE] - This appender no longer admits a layout as a sub-component, set an encoder instead.
15:52:16,514 |-WARN in ch.qos.logback.core.ConsoleAppender[CONSOLE] - To ensure compatibility, wrapping your layout in LayoutWrappingEncoder.
15:52:16,514 |-WARN in ch.qos.logback.core.ConsoleAppender[CONSOLE] - See also http://logback.qos.ch/codes.html#layoutInsteadOfEncoder for details
15:52:16,514 |-INFO in ch.qos.logback.classic.model.processor.LoggerModelHandler - Setting level of logger [ru.mai.lessons.rpks] to INFO
15:52:16,515 |-INFO in ch.qos.logback.classic.model.processor.LoggerModelHandler - Setting additivity of logger [ru.mai.lessons.rpks] to false
15:52:16,515 |-INFO in ch.qos.logback.core.model.processor.AppenderRefModelHandler - Attaching appender named [CONSOLE] to Logger[ru.mai.lessons.rpks]
15:52:16,516 |-INFO in ch.qos.logback.classic.model.processor.RootLoggerModelHandler - Setting level of ROOT logger to ERROR
15:52:16,516 |-INFO in ch.qos.logback.core.model.processor.AppenderRefModelHandler - Attaching appender named [CONSOLE] to Logger[ROOT]
15:52:16,516 |-INFO in ch.qos.logback.core.model.processor.DefaultProcessor@614df0a4 - End of configuration.
15:52:16,516 |-INFO in ch.qos.logback.classic.joran.JoranConfigurator@1fdf1c5 - Registering current configuration as safe fallback point

15:52:21.776 [Test worker] INFO  ru.mai.lessons.rpks.ServiceTest - Topics: [(name=test_topic_in, numPartitions=3, replicationFactor=1, replicasAssignments=null, configs=null), (name=test_topic_out, numPartitions=3, replicationFactor=1, replicasAssignments=null, configs=null)], replica factor 1, partitions 3
15:52:21.975 [Test worker] INFO  ru.mai.lessons.rpks.ServiceTest - Topic not exist. Create topics [(name=test_topic_in, numPartitions=3, replicationFactor=1, replicasAssignments=null, configs=null), (name=test_topic_out, numPartitions=3, replicationFactor=1, replicasAssignments=null, configs=null)]
15:52:22.460 [Test worker] INFO  ru.mai.lessons.rpks.ServiceTest - Create filtering rule 1
15:52:22.472 [Test worker] INFO  ru.mai.lessons.rpks.ServiceTest - Check rule from DB
15:52:22.503 [pool-1-thread-1] INFO  r.m.l.rpks.impl.ServiceFiltering - Starting service
15:52:22.565 [pool-1-thread-1] INFO  r.m.l.rpks.impl.KafkaReaderImpl - KafkaReader started
15:52:22.565 [pool-1-thread-1] INFO  r.m.l.rpks.impl.KafkaReaderImpl - Start processing method in KafkaReaderImpl
15:52:22.566 [pool-1-thread-1] INFO  r.mai.lessons.rpks.impl.DbReaderImpl - Start connecting to database
15:52:22.578 [pool-1-thread-1] INFO  r.mai.lessons.rpks.impl.DbReaderImpl - Database connection done
15:52:22.578 [pool-1-thread-1] INFO  r.mai.lessons.rpks.impl.DbReaderImpl - Starting periodic rule update
15:52:22.579 [pool-2-thread-1] INFO  r.mai.lessons.rpks.impl.DbReaderImpl - Updating rules from DB
15:52:22.579 [pool-2-thread-1] INFO  r.mai.lessons.rpks.impl.DbReaderImpl - Reading rules from database
15:52:22.595 [pool-2-thread-1] INFO  r.mai.lessons.rpks.impl.DbReaderImpl - Successfully read rules from database
15:52:22.597 [pool-2-thread-1] INFO  r.mai.lessons.rpks.impl.DbReaderImpl - Updated rules successfully: [Rule(filterId=1, ruleId=1, fieldName=name, filterFunctionName=contains, filterValue=alexander)]
15:52:22.653 [pool-1-thread-2] INFO  ru.mai.lessons.rpks.ServiceTest - Remaining attempts 10
15:52:22.660 [pool-1-thread-1] INFO  r.m.l.rpks.impl.KafkaReaderImpl - Received 9 records from Kafka
15:52:22.660 [pool-1-thread-1] INFO  r.m.l.rpks.impl.KafkaReaderImpl - Received message: 
15:52:22.661 [pool-1-thread-1] INFO  r.m.l.rpks.impl.RuleProcessorImpl - Processing message 
15:52:22.664 [pool-1-thread-1] WARN  r.m.l.rpks.impl.RuleProcessorImpl - Field 'name' not found in message
15:52:22.665 [pool-1-thread-1] INFO  r.m.l.rpks.impl.KafkaReaderImpl - Received message: {"name":"alex", "age":null, "sex":"M"}
15:52:22.665 [pool-1-thread-1] INFO  r.m.l.rpks.impl.RuleProcessorImpl - Processing message {"name":"alex", "age":null, "sex":"M"}
15:52:22.669 [pool-1-thread-1] INFO  r.m.l.rpks.impl.KafkaReaderImpl - Received message: {"name":null, "sex":"M"}
15:52:22.669 [pool-1-thread-1] INFO  r.m.l.rpks.impl.RuleProcessorImpl - Processing message {"name":null, "sex":"M"}
15:52:22.669 [pool-1-thread-1] INFO  r.m.l.rpks.impl.KafkaReaderImpl - Received message: {"name":, "age":, "sex":"M"}
15:52:22.669 [pool-1-thread-1] INFO  r.m.l.rpks.impl.RuleProcessorImpl - Processing message {"name":, "age":, "sex":"M"}
15:52:22.670 [pool-1-thread-1] ERROR r.m.l.rpks.impl.RuleProcessorImpl - Exception while reading json message: Unexpected character (',' (code 44)): expected a valid value (JSON String, Number, Array, Object or token 'null', 'true' or 'false')
 at [Source: REDACTED (`StreamReadFeature.INCLUDE_SOURCE_IN_LOCATION` disabled); line: 1, column: 9]
com.fasterxml.jackson.core.JsonParseException: Unexpected character (',' (code 44)): expected a valid value (JSON String, Number, Array, Object or token 'null', 'true' or 'false')
 at [Source: REDACTED (`StreamReadFeature.INCLUDE_SOURCE_IN_LOCATION` disabled); line: 1, column: 9]
	at com.fasterxml.jackson.core.JsonParser._constructReadException(JsonParser.java:2643)
	at com.fasterxml.jackson.core.base.ParserMinimalBase._reportUnexpectedChar(ParserMinimalBase.java:685)
	at com.fasterxml.jackson.core.json.ReaderBasedJsonParser._handleOddValue(ReaderBasedJsonParser.java:2055)
	at com.fasterxml.jackson.core.json.ReaderBasedJsonParser.nextFieldName(ReaderBasedJsonParser.java:1001)
	at com.fasterxml.jackson.databind.deser.std.BaseNodeDeserializer._deserializeContainerNoRecursion(JsonNodeDeserializer.java:536)
	at com.fasterxml.jackson.databind.deser.std.JsonNodeDeserializer.deserialize(JsonNodeDeserializer.java:100)
	at com.fasterxml.jackson.databind.deser.std.JsonNodeDeserializer.deserialize(JsonNodeDeserializer.java:25)
	at com.fasterxml.jackson.databind.deser.DefaultDeserializationContext.readRootValue(DefaultDeserializationContext.java:342)
	at com.fasterxml.jackson.databind.ObjectMapper._readTreeAndClose(ObjectMapper.java:4947)
	at com.fasterxml.jackson.databind.ObjectMapper.readTree(ObjectMapper.java:3280)
	at ru.mai.lessons.rpks.impl.RuleProcessorImpl.processing(RuleProcessorImpl.java:33)
	at ru.mai.lessons.rpks.impl.KafkaReaderImpl.processing(KafkaReaderImpl.java:63)
	at ru.mai.lessons.rpks.impl.ServiceFiltering.start(ServiceFiltering.java:15)
	at ru.mai.lessons.rpks.ServiceTest.lambda$testStartService$49(ServiceTest.java:1332)
	at java.base/java.util.concurrent.FutureTask.run(FutureTask.java:264)
	at java.base/java.util.concurrent.ThreadPoolExecutor.runWorker(ThreadPoolExecutor.java:1136)
	at java.base/java.util.concurrent.ThreadPoolExecutor$Worker.run(ThreadPoolExecutor.java:635)
	at java.base/java.lang.Thread.run(Thread.java:840)
15:52:22.672 [pool-1-thread-1] INFO  r.m.l.rpks.impl.KafkaReaderImpl - Received message: {"name":"", "age":"", "sex":"M"}
15:52:22.672 [pool-1-thread-1] INFO  r.m.l.rpks.impl.RuleProcessorImpl - Processing message {"name":"", "age":"", "sex":"M"}
15:52:22.672 [pool-1-thread-1] INFO  r.m.l.rpks.impl.KafkaReaderImpl - Received message: {"name":"pushkin", "age":19, "sex":"M"}
15:52:22.672 [pool-1-thread-1] INFO  r.m.l.rpks.impl.RuleProcessorImpl - Processing message {"name":"pushkin", "age":19, "sex":"M"}
15:52:22.672 [pool-1-thread-1] INFO  r.m.l.rpks.impl.KafkaReaderImpl - Received message: {"age":17, "sex":"M"}
15:52:22.673 [pool-1-thread-1] INFO  r.m.l.rpks.impl.RuleProcessorImpl - Processing message {"age":17, "sex":"M"}
15:52:22.673 [pool-1-thread-1] WARN  r.m.l.rpks.impl.RuleProcessorImpl - Field 'name' not found in message
15:52:22.673 [pool-1-thread-1] INFO  r.m.l.rpks.impl.KafkaReaderImpl - Received message: {"name":"alex_ivanov", "age":18, "sex":"M"}
15:52:22.673 [pool-1-thread-1] INFO  r.m.l.rpks.impl.RuleProcessorImpl - Processing message {"name":"alex_ivanov", "age":18, "sex":"M"}
15:52:22.673 [pool-1-thread-1] INFO  r.m.l.rpks.impl.KafkaReaderImpl - Received message: {"name":"alexander", "age":18, "sex":"M"}
15:52:22.673 [pool-1-thread-1] INFO  r.m.l.rpks.impl.RuleProcessorImpl - Processing message {"name":"alexander", "age":18, "sex":"M"}
15:52:22.678 [pool-1-thread-1] INFO  r.m.l.rpks.impl.KafkaWriterImpl - Message sent
15:52:22.779 [pool-1-thread-1] INFO  r.m.l.rpks.impl.KafkaReaderImpl - Received 0 records from Kafka
15:52:22.881 [pool-1-thread-1] INFO  r.m.l.rpks.impl.KafkaReaderImpl - Received 0 records from Kafka
15:52:22.982 [pool-1-thread-1] INFO  r.m.l.rpks.impl.KafkaReaderImpl - Received 0 records from Kafka
15:52:23.083 [pool-1-thread-1] INFO  r.m.l.rpks.impl.KafkaReaderImpl - Received 0 records from Kafka
15:52:23.184 [pool-1-thread-1] INFO  r.m.l.rpks.impl.KafkaReaderImpl - Received 0 records from Kafka
15:52:23.286 [pool-1-thread-1] INFO  r.m.l.rpks.impl.KafkaReaderImpl - Received 0 records from Kafka
15:52:23.387 [pool-1-thread-1] INFO  r.m.l.rpks.impl.KafkaReaderImpl - Received 0 records from Kafka
15:52:23.489 [pool-1-thread-1] INFO  r.m.l.rpks.impl.KafkaReaderImpl - Received 0 records from Kafka
15:52:23.590 [pool-1-thread-1] INFO  r.m.l.rpks.impl.KafkaReaderImpl - Received 0 records from Kafka
15:52:23.688 [pool-1-thread-2] INFO  ru.mai.lessons.rpks.ServiceTest - Read messages 1
15:52:23.689 [Test worker] INFO  ru.mai.lessons.rpks.ServiceTest - Create filtering rule 1
15:52:23.692 [pool-1-thread-1] INFO  r.m.l.rpks.impl.KafkaReaderImpl - Received 0 records from Kafka
15:52:23.692 [Test worker] INFO  ru.mai.lessons.rpks.ServiceTest - Check rule from DB
15:52:23.694 [Test worker] INFO  ru.mai.lessons.rpks.ServiceTest - Wait until application updated rules from DB
15:52:23.794 [pool-1-thread-1] INFO  r.m.l.rpks.impl.KafkaReaderImpl - Received 0 records from Kafka
15:52:23.895 [pool-1-thread-1] INFO  r.m.l.rpks.impl.KafkaReaderImpl - Received 0 records from Kafka
15:52:23.997 [pool-1-thread-1] INFO  r.m.l.rpks.impl.KafkaReaderImpl - Received 0 records from Kafka
15:52:24.100 [pool-1-thread-1] INFO  r.m.l.rpks.impl.KafkaReaderImpl - Received 0 records from Kafka
15:52:24.201 [pool-1-thread-1] INFO  r.m.l.rpks.impl.KafkaReaderImpl - Received 0 records from Kafka
15:52:24.302 [pool-1-thread-1] INFO  r.m.l.rpks.impl.KafkaReaderImpl - Received 0 records from Kafka
15:52:24.403 [pool-1-thread-1] INFO  r.m.l.rpks.impl.KafkaReaderImpl - Received 0 records from Kafka
15:52:24.505 [pool-1-thread-1] INFO  r.m.l.rpks.impl.KafkaReaderImpl - Received 0 records from Kafka
15:52:24.606 [pool-1-thread-1] INFO  r.m.l.rpks.impl.KafkaReaderImpl - Received 0 records from Kafka
15:52:24.707 [pool-1-thread-1] INFO  r.m.l.rpks.impl.KafkaReaderImpl - Received 0 records from Kafka
15:52:24.809 [pool-1-thread-1] INFO  r.m.l.rpks.impl.KafkaReaderImpl - Received 0 records from Kafka
15:52:24.910 [pool-1-thread-1] INFO  r.m.l.rpks.impl.KafkaReaderImpl - Received 0 records from Kafka
15:52:25.012 [pool-1-thread-1] INFO  r.m.l.rpks.impl.KafkaReaderImpl - Received 0 records from Kafka
15:52:25.113 [pool-1-thread-1] INFO  r.m.l.rpks.impl.KafkaReaderImpl - Received 0 records from Kafka
15:52:25.215 [pool-1-thread-1] INFO  r.m.l.rpks.impl.KafkaReaderImpl - Received 0 records from Kafka
15:52:25.317 [pool-1-thread-1] INFO  r.m.l.rpks.impl.KafkaReaderImpl - Received 0 records from Kafka
15:52:25.418 [pool-1-thread-1] INFO  r.m.l.rpks.impl.KafkaReaderImpl - Received 0 records from Kafka
15:52:25.520 [pool-1-thread-1] INFO  r.m.l.rpks.impl.KafkaReaderImpl - Received 0 records from Kafka
15:52:25.620 [pool-1-thread-1] INFO  r.m.l.rpks.impl.KafkaReaderImpl - Received 0 records from Kafka
15:52:25.722 [pool-1-thread-1] INFO  r.m.l.rpks.impl.KafkaReaderImpl - Received 0 records from Kafka
15:52:25.824 [pool-1-thread-1] INFO  r.m.l.rpks.impl.KafkaReaderImpl - Received 0 records from Kafka
15:52:25.925 [pool-1-thread-1] INFO  r.m.l.rpks.impl.KafkaReaderImpl - Received 0 records from Kafka
15:52:26.027 [pool-1-thread-1] INFO  r.m.l.rpks.impl.KafkaReaderImpl - Received 0 records from Kafka
15:52:26.129 [pool-1-thread-1] INFO  r.m.l.rpks.impl.KafkaReaderImpl - Received 0 records from Kafka
15:52:26.230 [pool-1-thread-1] INFO  r.m.l.rpks.impl.KafkaReaderImpl - Received 0 records from Kafka
15:52:26.332 [pool-1-thread-1] INFO  r.m.l.rpks.impl.KafkaReaderImpl - Received 0 records from Kafka
15:52:26.434 [pool-1-thread-1] INFO  r.m.l.rpks.impl.KafkaReaderImpl - Received 0 records from Kafka
15:52:26.537 [pool-1-thread-1] INFO  r.m.l.rpks.impl.KafkaReaderImpl - Received 0 records from Kafka
15:52:26.638 [pool-1-thread-1] INFO  r.m.l.rpks.impl.KafkaReaderImpl - Received 0 records from Kafka
15:52:26.740 [pool-1-thread-1] INFO  r.m.l.rpks.impl.KafkaReaderImpl - Received 0 records from Kafka
15:52:26.842 [pool-1-thread-1] INFO  r.m.l.rpks.impl.KafkaReaderImpl - Received 0 records from Kafka
15:52:26.945 [pool-1-thread-1] INFO  r.m.l.rpks.impl.KafkaReaderImpl - Received 0 records from Kafka
15:52:27.047 [pool-1-thread-1] INFO  r.m.l.rpks.impl.KafkaReaderImpl - Received 0 records from Kafka
15:52:27.149 [pool-1-thread-1] INFO  r.m.l.rpks.impl.KafkaReaderImpl - Received 0 records from Kafka
15:52:27.251 [pool-1-thread-1] INFO  r.m.l.rpks.impl.KafkaReaderImpl - Received 0 records from Kafka
15:52:27.352 [pool-1-thread-1] INFO  r.m.l.rpks.impl.KafkaReaderImpl - Received 0 records from Kafka
15:52:27.454 [pool-1-thread-1] INFO  r.m.l.rpks.impl.KafkaReaderImpl - Received 0 records from Kafka
15:52:27.556 [pool-1-thread-1] INFO  r.m.l.rpks.impl.KafkaReaderImpl - Received 0 records from Kafka
15:52:27.658 [pool-1-thread-1] INFO  r.m.l.rpks.impl.KafkaReaderImpl - Received 0 records from Kafka
15:52:27.760 [pool-1-thread-1] INFO  r.m.l.rpks.impl.KafkaReaderImpl - Received 0 records from Kafka
15:52:27.862 [pool-1-thread-1] INFO  r.m.l.rpks.impl.KafkaReaderImpl - Received 0 records from Kafka
15:52:27.964 [pool-1-thread-1] INFO  r.m.l.rpks.impl.KafkaReaderImpl - Received 0 records from Kafka
15:52:28.066 [pool-1-thread-1] INFO  r.m.l.rpks.impl.KafkaReaderImpl - Received 0 records from Kafka
15:52:28.169 [pool-1-thread-1] INFO  r.m.l.rpks.impl.KafkaReaderImpl - Received 0 records from Kafka
15:52:28.270 [pool-1-thread-1] INFO  r.m.l.rpks.impl.KafkaReaderImpl - Received 0 records from Kafka
15:52:28.372 [pool-1-thread-1] INFO  r.m.l.rpks.impl.KafkaReaderImpl - Received 0 records from Kafka
15:52:28.474 [pool-1-thread-1] INFO  r.m.l.rpks.impl.KafkaReaderImpl - Received 0 records from Kafka
15:52:28.576 [pool-1-thread-1] INFO  r.m.l.rpks.impl.KafkaReaderImpl - Received 0 records from Kafka
15:52:28.678 [pool-1-thread-1] INFO  r.m.l.rpks.impl.KafkaReaderImpl - Received 0 records from Kafka
15:52:28.779 [pool-1-thread-1] INFO  r.m.l.rpks.impl.KafkaReaderImpl - Received 0 records from Kafka
15:52:28.882 [pool-1-thread-1] INFO  r.m.l.rpks.impl.KafkaReaderImpl - Received 0 records from Kafka
15:52:28.984 [pool-1-thread-1] INFO  r.m.l.rpks.impl.KafkaReaderImpl - Received 0 records from Kafka
15:52:29.087 [pool-1-thread-1] INFO  r.m.l.rpks.impl.KafkaReaderImpl - Received 0 records from Kafka
15:52:29.189 [pool-1-thread-1] INFO  r.m.l.rpks.impl.KafkaReaderImpl - Received 0 records from Kafka
15:52:29.291 [pool-1-thread-1] INFO  r.m.l.rpks.impl.KafkaReaderImpl - Received 0 records from Kafka
15:52:29.394 [pool-1-thread-1] INFO  r.m.l.rpks.impl.KafkaReaderImpl - Received 0 records from Kafka
15:52:29.496 [pool-1-thread-1] INFO  r.m.l.rpks.impl.KafkaReaderImpl - Received 0 records from Kafka
15:52:29.599 [pool-1-thread-1] INFO  r.m.l.rpks.impl.KafkaReaderImpl - Received 0 records from Kafka
15:52:29.700 [pool-1-thread-1] INFO  r.m.l.rpks.impl.KafkaReaderImpl - Received 0 records from Kafka
15:52:29.803 [pool-1-thread-1] INFO  r.m.l.rpks.impl.KafkaReaderImpl - Received 0 records from Kafka
15:52:29.905 [pool-1-thread-1] INFO  r.m.l.rpks.impl.KafkaReaderImpl - Received 0 records from Kafka
15:52:30.007 [pool-1-thread-1] INFO  r.m.l.rpks.impl.KafkaReaderImpl - Received 0 records from Kafka
15:52:30.109 [pool-1-thread-1] INFO  r.m.l.rpks.impl.KafkaReaderImpl - Received 0 records from Kafka
15:52:30.210 [pool-1-thread-1] INFO  r.m.l.rpks.impl.KafkaReaderImpl - Received 0 records from Kafka
15:52:30.313 [pool-1-thread-1] INFO  r.m.l.rpks.impl.KafkaReaderImpl - Received 0 records from Kafka
15:52:30.415 [pool-1-thread-1] INFO  r.m.l.rpks.impl.KafkaReaderImpl - Received 0 records from Kafka
15:52:30.517 [pool-1-thread-1] INFO  r.m.l.rpks.impl.KafkaReaderImpl - Received 0 records from Kafka
15:52:30.620 [pool-1-thread-1] INFO  r.m.l.rpks.impl.KafkaReaderImpl - Received 0 records from Kafka
15:52:30.722 [pool-1-thread-1] INFO  r.m.l.rpks.impl.KafkaReaderImpl - Received 0 records from Kafka
15:52:30.824 [pool-1-thread-1] INFO  r.m.l.rpks.impl.KafkaReaderImpl - Received 0 records from Kafka
15:52:30.926 [pool-1-thread-1] INFO  r.m.l.rpks.impl.KafkaReaderImpl - Received 0 records from Kafka
15:52:31.028 [pool-1-thread-1] INFO  r.m.l.rpks.impl.KafkaReaderImpl - Received 0 records from Kafka
15:52:31.130 [pool-1-thread-1] INFO  r.m.l.rpks.impl.KafkaReaderImpl - Received 0 records from Kafka
15:52:31.232 [pool-1-thread-1] INFO  r.m.l.rpks.impl.KafkaReaderImpl - Received 0 records from Kafka
15:52:31.335 [pool-1-thread-1] INFO  r.m.l.rpks.impl.KafkaReaderImpl - Received 0 records from Kafka
15:52:31.437 [pool-1-thread-1] INFO  r.m.l.rpks.impl.KafkaReaderImpl - Received 0 records from Kafka
15:52:31.540 [pool-1-thread-1] INFO  r.m.l.rpks.impl.KafkaReaderImpl - Received 0 records from Kafka
15:52:31.641 [pool-1-thread-1] INFO  r.m.l.rpks.impl.KafkaReaderImpl - Received 0 records from Kafka
15:52:31.743 [pool-1-thread-1] INFO  r.m.l.rpks.impl.KafkaReaderImpl - Received 0 records from Kafka
15:52:31.845 [pool-1-thread-1] INFO  r.m.l.rpks.impl.KafkaReaderImpl - Received 0 records from Kafka
15:52:31.947 [pool-1-thread-1] INFO  r.m.l.rpks.impl.KafkaReaderImpl - Received 0 records from Kafka
15:52:32.048 [pool-1-thread-1] INFO  r.m.l.rpks.impl.KafkaReaderImpl - Received 0 records from Kafka
15:52:32.149 [pool-1-thread-1] INFO  r.m.l.rpks.impl.KafkaReaderImpl - Received 0 records from Kafka
15:52:32.251 [pool-1-thread-1] INFO  r.m.l.rpks.impl.KafkaReaderImpl - Received 0 records from Kafka
15:52:32.352 [pool-1-thread-1] INFO  r.m.l.rpks.impl.KafkaReaderImpl - Received 0 records from Kafka
15:52:32.455 [pool-1-thread-1] INFO  r.m.l.rpks.impl.KafkaReaderImpl - Received 0 records from Kafka
15:52:32.557 [pool-1-thread-1] INFO  r.m.l.rpks.impl.KafkaReaderImpl - Received 0 records from Kafka
15:52:32.581 [pool-2-thread-1] INFO  r.mai.lessons.rpks.impl.DbReaderImpl - Updating rules from DB
15:52:32.582 [pool-2-thread-1] INFO  r.mai.lessons.rpks.impl.DbReaderImpl - Reading rules from database
15:52:32.595 [pool-2-thread-1] INFO  r.mai.lessons.rpks.impl.DbReaderImpl - Successfully read rules from database
15:52:32.595 [pool-2-thread-1] INFO  r.mai.lessons.rpks.impl.DbReaderImpl - Updated rules successfully: [Rule(filterId=1, ruleId=1, fieldName=name, filterFunctionName=contains, filterValue=alexander), Rule(filterId=1, ruleId=2, fieldName=age, filterFunctionName=equals, filterValue=18)]
15:52:32.660 [pool-1-thread-1] INFO  r.m.l.rpks.impl.KafkaReaderImpl - Received 0 records from Kafka
15:52:32.761 [pool-1-thread-1] INFO  r.m.l.rpks.impl.KafkaReaderImpl - Received 0 records from Kafka
15:52:32.862 [pool-1-thread-1] INFO  r.m.l.rpks.impl.KafkaReaderImpl - Received 0 records from Kafka
15:52:32.964 [pool-1-thread-1] INFO  r.m.l.rpks.impl.KafkaReaderImpl - Received 0 records from Kafka
15:52:33.066 [pool-1-thread-1] INFO  r.m.l.rpks.impl.KafkaReaderImpl - Received 0 records from Kafka
15:52:33.168 [pool-1-thread-1] INFO  r.m.l.rpks.impl.KafkaReaderImpl - Received 0 records from Kafka
15:52:33.271 [pool-1-thread-1] INFO  r.m.l.rpks.impl.KafkaReaderImpl - Received 0 records from Kafka
15:52:33.372 [pool-1-thread-1] INFO  r.m.l.rpks.impl.KafkaReaderImpl - Received 0 records from Kafka
15:52:33.475 [pool-1-thread-1] INFO  r.m.l.rpks.impl.KafkaReaderImpl - Received 0 records from Kafka
15:52:33.577 [pool-1-thread-1] INFO  r.m.l.rpks.impl.KafkaReaderImpl - Received 0 records from Kafka
15:52:33.679 [pool-1-thread-1] INFO  r.m.l.rpks.impl.KafkaReaderImpl - Received 0 records from Kafka
15:52:33.781 [pool-1-thread-1] INFO  r.m.l.rpks.impl.KafkaReaderImpl - Received 0 records from Kafka
15:52:33.884 [pool-1-thread-1] INFO  r.m.l.rpks.impl.KafkaReaderImpl - Received 0 records from Kafka
15:52:33.985 [pool-1-thread-1] INFO  r.m.l.rpks.impl.KafkaReaderImpl - Received 0 records from Kafka
15:52:34.087 [pool-1-thread-1] INFO  r.m.l.rpks.impl.KafkaReaderImpl - Received 0 records from Kafka
15:52:34.190 [pool-1-thread-1] INFO  r.m.l.rpks.impl.KafkaReaderImpl - Received 0 records from Kafka
15:52:34.292 [pool-1-thread-1] INFO  r.m.l.rpks.impl.KafkaReaderImpl - Received 0 records from Kafka
15:52:34.394 [pool-1-thread-1] INFO  r.m.l.rpks.impl.KafkaReaderImpl - Received 0 records from Kafka
15:52:34.495 [pool-1-thread-1] INFO  r.m.l.rpks.impl.KafkaReaderImpl - Received 0 records from Kafka
15:52:34.597 [pool-1-thread-1] INFO  r.m.l.rpks.impl.KafkaReaderImpl - Received 0 records from Kafka
15:52:34.699 [pool-1-thread-1] INFO  r.m.l.rpks.impl.KafkaReaderImpl - Received 0 records from Kafka
15:52:34.800 [pool-1-thread-1] INFO  r.m.l.rpks.impl.KafkaReaderImpl - Received 0 records from Kafka
15:52:34.902 [pool-1-thread-1] INFO  r.m.l.rpks.impl.KafkaReaderImpl - Received 0 records from Kafka
15:52:35.003 [pool-1-thread-1] INFO  r.m.l.rpks.impl.KafkaReaderImpl - Received 0 records from Kafka
15:52:35.104 [pool-1-thread-1] INFO  r.m.l.rpks.impl.KafkaReaderImpl - Received 0 records from Kafka
15:52:35.206 [pool-1-thread-1] INFO  r.m.l.rpks.impl.KafkaReaderImpl - Received 0 records from Kafka
15:52:35.309 [pool-1-thread-1] INFO  r.m.l.rpks.impl.KafkaReaderImpl - Received 0 records from Kafka
15:52:35.411 [pool-1-thread-1] INFO  r.m.l.rpks.impl.KafkaReaderImpl - Received 0 records from Kafka
15:52:35.513 [pool-1-thread-1] INFO  r.m.l.rpks.impl.KafkaReaderImpl - Received 0 records from Kafka
15:52:35.615 [pool-1-thread-1] INFO  r.m.l.rpks.impl.KafkaReaderImpl - Received 0 records from Kafka
15:52:35.717 [pool-1-thread-1] INFO  r.m.l.rpks.impl.KafkaReaderImpl - Received 0 records from Kafka
15:52:35.819 [pool-1-thread-1] INFO  r.m.l.rpks.impl.KafkaReaderImpl - Received 0 records from Kafka
15:52:35.920 [pool-1-thread-1] INFO  r.m.l.rpks.impl.KafkaReaderImpl - Received 0 records from Kafka
15:52:36.022 [pool-1-thread-1] INFO  r.m.l.rpks.impl.KafkaReaderImpl - Received 0 records from Kafka
15:52:36.124 [pool-1-thread-1] INFO  r.m.l.rpks.impl.KafkaReaderImpl - Received 0 records from Kafka
15:52:36.226 [pool-1-thread-1] INFO  r.m.l.rpks.impl.KafkaReaderImpl - Received 0 records from Kafka
15:52:36.328 [pool-1-thread-1] INFO  r.m.l.rpks.impl.KafkaReaderImpl - Received 0 records from Kafka
15:52:36.429 [pool-1-thread-1] INFO  r.m.l.rpks.impl.KafkaReaderImpl - Received 0 records from Kafka
15:52:36.531 [pool-1-thread-1] INFO  r.m.l.rpks.impl.KafkaReaderImpl - Received 0 records from Kafka
15:52:36.633 [pool-1-thread-1] INFO  r.m.l.rpks.impl.KafkaReaderImpl - Received 0 records from Kafka
15:52:36.735 [pool-1-thread-1] INFO  r.m.l.rpks.impl.KafkaReaderImpl - Received 0 records from Kafka
15:52:36.837 [pool-1-thread-1] INFO  r.m.l.rpks.impl.KafkaReaderImpl - Received 0 records from Kafka
15:52:36.940 [pool-1-thread-1] INFO  r.m.l.rpks.impl.KafkaReaderImpl - Received 0 records from Kafka
15:52:37.042 [pool-1-thread-1] INFO  r.m.l.rpks.impl.KafkaReaderImpl - Received 0 records from Kafka
15:52:37.144 [pool-1-thread-1] INFO  r.m.l.rpks.impl.KafkaReaderImpl - Received 0 records from Kafka
15:52:37.246 [pool-1-thread-1] INFO  r.m.l.rpks.impl.KafkaReaderImpl - Received 0 records from Kafka
15:52:37.347 [pool-1-thread-1] INFO  r.m.l.rpks.impl.KafkaReaderImpl - Received 0 records from Kafka
15:52:37.448 [pool-1-thread-1] INFO  r.m.l.rpks.impl.KafkaReaderImpl - Received 0 records from Kafka
15:52:37.550 [pool-1-thread-1] INFO  r.m.l.rpks.impl.KafkaReaderImpl - Received 0 records from Kafka
15:52:37.651 [pool-1-thread-1] INFO  r.m.l.rpks.impl.KafkaReaderImpl - Received 0 records from Kafka
15:52:37.753 [pool-1-thread-1] INFO  r.m.l.rpks.impl.KafkaReaderImpl - Received 0 records from Kafka
15:52:37.855 [pool-1-thread-1] INFO  r.m.l.rpks.impl.KafkaReaderImpl - Received 0 records from Kafka
15:52:37.957 [pool-1-thread-1] INFO  r.m.l.rpks.impl.KafkaReaderImpl - Received 0 records from Kafka
15:52:38.059 [pool-1-thread-1] INFO  r.m.l.rpks.impl.KafkaReaderImpl - Received 0 records from Kafka
15:52:38.161 [pool-1-thread-1] INFO  r.m.l.rpks.impl.KafkaReaderImpl - Received 0 records from Kafka
15:52:38.263 [pool-1-thread-1] INFO  r.m.l.rpks.impl.KafkaReaderImpl - Received 0 records from Kafka
15:52:38.365 [pool-1-thread-1] INFO  r.m.l.rpks.impl.KafkaReaderImpl - Received 0 records from Kafka
15:52:38.468 [pool-1-thread-1] INFO  r.m.l.rpks.impl.KafkaReaderImpl - Received 0 records from Kafka
15:52:38.570 [pool-1-thread-1] INFO  r.m.l.rpks.impl.KafkaReaderImpl - Received 0 records from Kafka
15:52:38.673 [pool-1-thread-1] INFO  r.m.l.rpks.impl.KafkaReaderImpl - Received 0 records from Kafka
15:52:38.775 [pool-1-thread-1] INFO  r.m.l.rpks.impl.KafkaReaderImpl - Received 0 records from Kafka
15:52:38.877 [pool-1-thread-1] INFO  r.m.l.rpks.impl.KafkaReaderImpl - Received 0 records from Kafka
15:52:38.978 [pool-1-thread-1] INFO  r.m.l.rpks.impl.KafkaReaderImpl - Received 0 records from Kafka
15:52:39.080 [pool-1-thread-1] INFO  r.m.l.rpks.impl.KafkaReaderImpl - Received 0 records from Kafka
15:52:39.182 [pool-1-thread-1] INFO  r.m.l.rpks.impl.KafkaReaderImpl - Received 0 records from Kafka
15:52:39.284 [pool-1-thread-1] INFO  r.m.l.rpks.impl.KafkaReaderImpl - Received 0 records from Kafka
15:52:39.386 [pool-1-thread-1] INFO  r.m.l.rpks.impl.KafkaReaderImpl - Received 0 records from Kafka
15:52:39.489 [pool-1-thread-1] INFO  r.m.l.rpks.impl.KafkaReaderImpl - Received 0 records from Kafka
15:52:39.591 [pool-1-thread-1] INFO  r.m.l.rpks.impl.KafkaReaderImpl - Received 0 records from Kafka
15:52:39.694 [pool-1-thread-1] INFO  r.m.l.rpks.impl.KafkaReaderImpl - Received 0 records from Kafka
15:52:39.796 [pool-1-thread-1] INFO  r.m.l.rpks.impl.KafkaReaderImpl - Received 0 records from Kafka
15:52:39.896 [pool-1-thread-1] INFO  r.m.l.rpks.impl.KafkaReaderImpl - Received 0 records from Kafka
15:52:39.999 [pool-1-thread-1] INFO  r.m.l.rpks.impl.KafkaReaderImpl - Received 0 records from Kafka
15:52:40.101 [pool-1-thread-1] INFO  r.m.l.rpks.impl.KafkaReaderImpl - Received 0 records from Kafka
15:52:40.203 [pool-1-thread-1] INFO  r.m.l.rpks.impl.KafkaReaderImpl - Received 0 records from Kafka
15:52:40.305 [pool-1-thread-1] INFO  r.m.l.rpks.impl.KafkaReaderImpl - Received 0 records from Kafka
15:52:40.407 [pool-1-thread-1] INFO  r.m.l.rpks.impl.KafkaReaderImpl - Received 0 records from Kafka
15:52:40.510 [pool-1-thread-1] INFO  r.m.l.rpks.impl.KafkaReaderImpl - Received 0 records from Kafka
15:52:40.611 [pool-1-thread-1] INFO  r.m.l.rpks.impl.KafkaReaderImpl - Received 0 records from Kafka
15:52:40.714 [pool-1-thread-1] INFO  r.m.l.rpks.impl.KafkaReaderImpl - Received 0 records from Kafka
15:52:40.816 [pool-1-thread-1] INFO  r.m.l.rpks.impl.KafkaReaderImpl - Received 0 records from Kafka
15:52:40.918 [pool-1-thread-1] INFO  r.m.l.rpks.impl.KafkaReaderImpl - Received 0 records from Kafka
15:52:41.021 [pool-1-thread-1] INFO  r.m.l.rpks.impl.KafkaReaderImpl - Received 0 records from Kafka
15:52:41.123 [pool-1-thread-1] INFO  r.m.l.rpks.impl.KafkaReaderImpl - Received 0 records from Kafka
15:52:41.225 [pool-1-thread-1] INFO  r.m.l.rpks.impl.KafkaReaderImpl - Received 0 records from Kafka
15:52:41.328 [pool-1-thread-1] INFO  r.m.l.rpks.impl.KafkaReaderImpl - Received 0 records from Kafka
15:52:41.430 [pool-1-thread-1] INFO  r.m.l.rpks.impl.KafkaReaderImpl - Received 0 records from Kafka
15:52:41.531 [pool-1-thread-1] INFO  r.m.l.rpks.impl.KafkaReaderImpl - Received 0 records from Kafka
15:52:41.632 [pool-1-thread-1] INFO  r.m.l.rpks.impl.KafkaReaderImpl - Received 0 records from Kafka
15:52:41.734 [pool-1-thread-1] INFO  r.m.l.rpks.impl.KafkaReaderImpl - Received 0 records from Kafka
15:52:41.836 [pool-1-thread-1] INFO  r.m.l.rpks.impl.KafkaReaderImpl - Received 0 records from Kafka
15:52:41.938 [pool-1-thread-1] INFO  r.m.l.rpks.impl.KafkaReaderImpl - Received 0 records from Kafka
15:52:42.040 [pool-1-thread-1] INFO  r.m.l.rpks.impl.KafkaReaderImpl - Received 0 records from Kafka
15:52:42.142 [pool-1-thread-1] INFO  r.m.l.rpks.impl.KafkaReaderImpl - Received 0 records from Kafka
15:52:42.244 [pool-1-thread-1] INFO  r.m.l.rpks.impl.KafkaReaderImpl - Received 0 records from Kafka
15:52:42.346 [pool-1-thread-1] INFO  r.m.l.rpks.impl.KafkaReaderImpl - Received 0 records from Kafka
15:52:42.448 [pool-1-thread-1] INFO  r.m.l.rpks.impl.KafkaReaderImpl - Received 0 records from Kafka
15:52:42.550 [pool-1-thread-1] INFO  r.m.l.rpks.impl.KafkaReaderImpl - Received 0 records from Kafka
15:52:42.583 [pool-2-thread-1] INFO  r.mai.lessons.rpks.impl.DbReaderImpl - Updating rules from DB
15:52:42.584 [pool-2-thread-1] INFO  r.mai.lessons.rpks.impl.DbReaderImpl - Reading rules from database
15:52:42.590 [pool-2-thread-1] INFO  r.mai.lessons.rpks.impl.DbReaderImpl - Successfully read rules from database
15:52:42.590 [pool-2-thread-1] INFO  r.mai.lessons.rpks.impl.DbReaderImpl - Updated rules successfully: [Rule(filterId=1, ruleId=1, fieldName=name, filterFunctionName=contains, filterValue=alexander), Rule(filterId=1, ruleId=2, fieldName=age, filterFunctionName=equals, filterValue=18)]
15:52:42.650 [pool-1-thread-1] INFO  r.m.l.rpks.impl.KafkaReaderImpl - Received 0 records from Kafka
15:52:42.752 [pool-1-thread-1] INFO  r.m.l.rpks.impl.KafkaReaderImpl - Received 0 records from Kafka
15:52:42.853 [pool-1-thread-1] INFO  r.m.l.rpks.impl.KafkaReaderImpl - Received 0 records from Kafka
15:52:42.954 [pool-1-thread-1] INFO  r.m.l.rpks.impl.KafkaReaderImpl - Received 0 records from Kafka
15:52:43.056 [pool-1-thread-1] INFO  r.m.l.rpks.impl.KafkaReaderImpl - Received 0 records from Kafka
15:52:43.158 [pool-1-thread-1] INFO  r.m.l.rpks.impl.KafkaReaderImpl - Received 0 records from Kafka
15:52:43.260 [pool-1-thread-1] INFO  r.m.l.rpks.impl.KafkaReaderImpl - Received 0 records from Kafka
15:52:43.361 [pool-1-thread-1] INFO  r.m.l.rpks.impl.KafkaReaderImpl - Received 0 records from Kafka
15:52:43.463 [pool-1-thread-1] INFO  r.m.l.rpks.impl.KafkaReaderImpl - Received 0 records from Kafka
15:52:43.565 [pool-1-thread-1] INFO  r.m.l.rpks.impl.KafkaReaderImpl - Received 0 records from Kafka
15:52:43.667 [pool-1-thread-1] INFO  r.m.l.rpks.impl.KafkaReaderImpl - Received 0 records from Kafka
15:52:43.709 [pool-1-thread-1] INFO  r.m.l.rpks.impl.KafkaReaderImpl - Received 1 records from Kafka
15:52:43.709 [pool-1-thread-1] INFO  r.m.l.rpks.impl.KafkaReaderImpl - Received message: 
15:52:43.709 [pool-1-thread-1] INFO  r.m.l.rpks.impl.RuleProcessorImpl - Processing message 
15:52:43.709 [pool-1-thread-1] WARN  r.m.l.rpks.impl.RuleProcessorImpl - Field 'name' not found in message
15:52:43.713 [pool-1-thread-1] INFO  r.m.l.rpks.impl.KafkaReaderImpl - Received 1 records from Kafka
15:52:43.713 [pool-1-thread-1] INFO  r.m.l.rpks.impl.KafkaReaderImpl - Received message: {"name":"alex", "age":null, "sex":"M"}
15:52:43.713 [pool-1-thread-1] INFO  r.m.l.rpks.impl.RuleProcessorImpl - Processing message {"name":"alex", "age":null, "sex":"M"}
15:52:43.716 [pool-1-thread-1] INFO  r.m.l.rpks.impl.KafkaReaderImpl - Received 1 records from Kafka
15:52:43.716 [pool-1-thread-1] INFO  r.m.l.rpks.impl.KafkaReaderImpl - Received message: {"name":null, "sex":"M"}
15:52:43.716 [pool-1-thread-1] INFO  r.m.l.rpks.impl.RuleProcessorImpl - Processing message {"name":null, "sex":"M"}
15:52:43.718 [pool-1-thread-1] INFO  r.m.l.rpks.impl.KafkaReaderImpl - Received 1 records from Kafka
15:52:43.718 [pool-1-thread-1] INFO  r.m.l.rpks.impl.KafkaReaderImpl - Received message: {"name":, "age":, "sex":"M"}
15:52:43.718 [pool-1-thread-1] INFO  r.m.l.rpks.impl.RuleProcessorImpl - Processing message {"name":, "age":, "sex":"M"}
15:52:43.718 [pool-1-thread-1] ERROR r.m.l.rpks.impl.RuleProcessorImpl - Exception while reading json message: Unexpected character (',' (code 44)): expected a valid value (JSON String, Number, Array, Object or token 'null', 'true' or 'false')
 at [Source: REDACTED (`StreamReadFeature.INCLUDE_SOURCE_IN_LOCATION` disabled); line: 1, column: 9]
com.fasterxml.jackson.core.JsonParseException: Unexpected character (',' (code 44)): expected a valid value (JSON String, Number, Array, Object or token 'null', 'true' or 'false')
 at [Source: REDACTED (`StreamReadFeature.INCLUDE_SOURCE_IN_LOCATION` disabled); line: 1, column: 9]
	at com.fasterxml.jackson.core.JsonParser._constructReadException(JsonParser.java:2643)
	at com.fasterxml.jackson.core.base.ParserMinimalBase._reportUnexpectedChar(ParserMinimalBase.java:685)
	at com.fasterxml.jackson.core.json.ReaderBasedJsonParser._handleOddValue(ReaderBasedJsonParser.java:2055)
	at com.fasterxml.jackson.core.json.ReaderBasedJsonParser.nextFieldName(ReaderBasedJsonParser.java:1001)
	at com.fasterxml.jackson.databind.deser.std.BaseNodeDeserializer._deserializeContainerNoRecursion(JsonNodeDeserializer.java:536)
	at com.fasterxml.jackson.databind.deser.std.JsonNodeDeserializer.deserialize(JsonNodeDeserializer.java:100)
	at com.fasterxml.jackson.databind.deser.std.JsonNodeDeserializer.deserialize(JsonNodeDeserializer.java:25)
	at com.fasterxml.jackson.databind.deser.DefaultDeserializationContext.readRootValue(DefaultDeserializationContext.java:342)
	at com.fasterxml.jackson.databind.ObjectMapper._readTreeAndClose(ObjectMapper.java:4947)
	at com.fasterxml.jackson.databind.ObjectMapper.readTree(ObjectMapper.java:3280)
	at ru.mai.lessons.rpks.impl.RuleProcessorImpl.processing(RuleProcessorImpl.java:33)
	at ru.mai.lessons.rpks.impl.KafkaReaderImpl.processing(KafkaReaderImpl.java:63)
	at ru.mai.lessons.rpks.impl.ServiceFiltering.start(ServiceFiltering.java:15)
	at ru.mai.lessons.rpks.ServiceTest.lambda$testStartService$49(ServiceTest.java:1332)
	at java.base/java.util.concurrent.FutureTask.run(FutureTask.java:264)
	at java.base/java.util.concurrent.ThreadPoolExecutor.runWorker(ThreadPoolExecutor.java:1136)
	at java.base/java.util.concurrent.ThreadPoolExecutor$Worker.run(ThreadPoolExecutor.java:635)
	at java.base/java.lang.Thread.run(Thread.java:840)
15:52:43.722 [pool-1-thread-1] INFO  r.m.l.rpks.impl.KafkaReaderImpl - Received 1 records from Kafka
15:52:43.722 [pool-1-thread-1] INFO  r.m.l.rpks.impl.KafkaReaderImpl - Received message: {"name":"", "age":"", "sex":"M"}
15:52:43.722 [pool-1-thread-1] INFO  r.m.l.rpks.impl.RuleProcessorImpl - Processing message {"name":"", "age":"", "sex":"M"}
15:52:43.725 [pool-1-thread-1] INFO  r.m.l.rpks.impl.KafkaReaderImpl - Received 1 records from Kafka
15:52:43.725 [pool-1-thread-1] INFO  r.m.l.rpks.impl.KafkaReaderImpl - Received message: {"name":"pushkin", "age":19, "sex":"M"}
15:52:43.725 [pool-1-thread-1] INFO  r.m.l.rpks.impl.RuleProcessorImpl - Processing message {"name":"pushkin", "age":19, "sex":"M"}
15:52:43.726 [pool-1-thread-1] INFO  r.m.l.rpks.impl.KafkaReaderImpl - Received 1 records from Kafka
15:52:43.727 [pool-1-thread-1] INFO  r.m.l.rpks.impl.KafkaReaderImpl - Received message: {"age":17, "sex":"M"}
15:52:43.727 [pool-1-thread-1] INFO  r.m.l.rpks.impl.RuleProcessorImpl - Processing message {"age":17, "sex":"M"}
15:52:43.727 [pool-1-thread-1] WARN  r.m.l.rpks.impl.RuleProcessorImpl - Field 'name' not found in message
15:52:43.728 [pool-1-thread-1] INFO  r.m.l.rpks.impl.KafkaReaderImpl - Received 1 records from Kafka
15:52:43.729 [pool-1-thread-1] INFO  r.m.l.rpks.impl.KafkaReaderImpl - Received message: {"name":"alex_ivanov", "age":18, "sex":"M"}
15:52:43.729 [pool-1-thread-1] INFO  r.m.l.rpks.impl.RuleProcessorImpl - Processing message {"name":"alex_ivanov", "age":18, "sex":"M"}
15:52:43.731 [pool-1-thread-1] INFO  r.m.l.rpks.impl.KafkaReaderImpl - Received 1 records from Kafka
15:52:43.731 [pool-1-thread-1] INFO  r.m.l.rpks.impl.KafkaReaderImpl - Received message: {"name":"alexander", "age":18, "sex":"M"}
15:52:43.731 [pool-1-thread-1] INFO  r.m.l.rpks.impl.RuleProcessorImpl - Processing message {"name":"alexander", "age":18, "sex":"M"}
15:52:43.733 [pool-1-thread-1] INFO  r.m.l.rpks.impl.KafkaWriterImpl - Message sent
15:52:43.734 [pool-1-thread-2] INFO  ru.mai.lessons.rpks.ServiceTest - Read messages 1
15:52:43.735 [pool-1-thread-1] ERROR r.m.l.rpks.impl.KafkaReaderImpl - Error !!!!!!11!: java.lang.InterruptedException
org.apache.kafka.common.errors.InterruptException: java.lang.InterruptedException
	at org.apache.kafka.clients.consumer.internals.ConsumerNetworkClient.maybeThrowInterruptException(ConsumerNetworkClient.java:535)
	at org.apache.kafka.clients.consumer.internals.ConsumerNetworkClient.poll(ConsumerNetworkClient.java:296)
	at org.apache.kafka.clients.consumer.internals.ConsumerNetworkClient.poll(ConsumerNetworkClient.java:251)
	at org.apache.kafka.clients.consumer.KafkaConsumer.pollForFetches(KafkaConsumer.java:1255)
	at org.apache.kafka.clients.consumer.KafkaConsumer.poll(KafkaConsumer.java:1186)
	at org.apache.kafka.clients.consumer.KafkaConsumer.poll(KafkaConsumer.java:1159)
	at ru.mai.lessons.rpks.impl.KafkaReaderImpl.processing(KafkaReaderImpl.java:56)
	at ru.mai.lessons.rpks.impl.ServiceFiltering.start(ServiceFiltering.java:15)
	at ru.mai.lessons.rpks.ServiceTest.lambda$testStartService$49(ServiceTest.java:1332)
	at java.base/java.util.concurrent.FutureTask.run(FutureTask.java:264)
	at java.base/java.util.concurrent.ThreadPoolExecutor.runWorker(ThreadPoolExecutor.java:1136)
	at java.base/java.util.concurrent.ThreadPoolExecutor$Worker.run(ThreadPoolExecutor.java:635)
	at java.base/java.lang.Thread.run(Thread.java:840)
Caused by: java.lang.InterruptedException: null
	... 13 common frames omitted
15:52:43.735 [pool-1-thread-1] INFO  r.mai.lessons.rpks.impl.DbReaderImpl - Stopping periodic rule updates
15:52:43.735 [pool-1-thread-1] ERROR r.mai.lessons.rpks.impl.DbReaderImpl - error
15:52:43.737 [pool-1-thread-1] ERROR o.a.k.clients.consumer.KafkaConsumer - [Consumer clientId=consumer-test_group_consumer-2, groupId=test_group_consumer] Failed to close coordinator with a timeout(ms)=30000
org.apache.kafka.common.errors.InterruptException: java.lang.InterruptedException
	at org.apache.kafka.clients.consumer.internals.ConsumerNetworkClient.maybeThrowInterruptException(ConsumerNetworkClient.java:535)
	at org.apache.kafka.clients.consumer.internals.ConsumerNetworkClient.poll(ConsumerNetworkClient.java:296)
	at org.apache.kafka.clients.consumer.internals.ConsumerNetworkClient.pollNoWakeup(ConsumerNetworkClient.java:321)
	at org.apache.kafka.clients.consumer.internals.AbstractCoordinator.maybeLeaveGroup(AbstractCoordinator.java:1141)
	at org.apache.kafka.clients.consumer.internals.AbstractCoordinator.close(AbstractCoordinator.java:1101)
	at org.apache.kafka.clients.consumer.internals.ConsumerCoordinator.close(ConsumerCoordinator.java:1060)
	at org.apache.kafka.clients.consumer.KafkaConsumer.lambda$close$2(KafkaConsumer.java:2392)
	at org.apache.kafka.common.utils.Utils.swallow(Utils.java:1056)
	at org.apache.kafka.clients.consumer.KafkaConsumer.close(KafkaConsumer.java:2392)
	at org.apache.kafka.clients.consumer.KafkaConsumer.close(KafkaConsumer.java:2348)
	at org.apache.kafka.clients.consumer.KafkaConsumer.close(KafkaConsumer.java:2321)
	at ru.mai.lessons.rpks.impl.KafkaReaderImpl.processing(KafkaReaderImpl.java:74)
	at ru.mai.lessons.rpks.impl.ServiceFiltering.start(ServiceFiltering.java:15)
	at ru.mai.lessons.rpks.ServiceTest.lambda$testStartService$49(ServiceTest.java:1332)
	at java.base/java.util.concurrent.FutureTask.run(FutureTask.java:264)
	at java.base/java.util.concurrent.ThreadPoolExecutor.runWorker(ThreadPoolExecutor.java:1136)
	at java.base/java.util.concurrent.ThreadPoolExecutor$Worker.run(ThreadPoolExecutor.java:635)
	at java.base/java.lang.Thread.run(Thread.java:840)
Caused by: java.lang.InterruptedException: null
	... 18 common frames omitted
15:52:43.738 [pool-1-thread-1] ERROR o.a.k.clients.consumer.KafkaConsumer - [Consumer clientId=consumer-test_group_consumer-2, groupId=test_group_consumer] Failed to close fetcher with a timeout(ms)=29999
org.apache.kafka.common.errors.InterruptException: java.lang.InterruptedException
	at org.apache.kafka.clients.consumer.internals.ConsumerNetworkClient.maybeThrowInterruptException(ConsumerNetworkClient.java:535)
	at org.apache.kafka.clients.consumer.internals.ConsumerNetworkClient.poll(ConsumerNetworkClient.java:296)
	at org.apache.kafka.clients.consumer.internals.AbstractFetch.maybeCloseFetchSessions(AbstractFetch.java:756)
	at org.apache.kafka.clients.consumer.internals.AbstractFetch.close(AbstractFetch.java:777)
	at org.apache.kafka.clients.consumer.internals.Fetcher.close(Fetcher.java:110)
	at org.apache.kafka.clients.consumer.KafkaConsumer.lambda$close$3(KafkaConsumer.java:2405)
	at org.apache.kafka.common.utils.Utils.swallow(Utils.java:1056)
	at org.apache.kafka.clients.consumer.KafkaConsumer.close(KafkaConsumer.java:2405)
	at org.apache.kafka.clients.consumer.KafkaConsumer.close(KafkaConsumer.java:2348)
	at org.apache.kafka.clients.consumer.KafkaConsumer.close(KafkaConsumer.java:2321)
	at ru.mai.lessons.rpks.impl.KafkaReaderImpl.processing(KafkaReaderImpl.java:74)
	at ru.mai.lessons.rpks.impl.ServiceFiltering.start(ServiceFiltering.java:15)
	at ru.mai.lessons.rpks.ServiceTest.lambda$testStartService$49(ServiceTest.java:1332)
	at java.base/java.util.concurrent.FutureTask.run(FutureTask.java:264)
	at java.base/java.util.concurrent.ThreadPoolExecutor.runWorker(ThreadPoolExecutor.java:1136)
	at java.base/java.util.concurrent.ThreadPoolExecutor$Worker.run(ThreadPoolExecutor.java:635)
	at java.base/java.lang.Thread.run(Thread.java:840)
Caused by: java.lang.InterruptedException: null
	... 17 common frames omitted
15:52:43.740 [pool-1-thread-1] ERROR r.m.l.rpks.impl.KafkaReaderImpl - Error !!11!!!: java.lang.InterruptedException
org.apache.kafka.common.errors.InterruptException: java.lang.InterruptedException
	at org.apache.kafka.clients.consumer.internals.ConsumerNetworkClient.maybeThrowInterruptException(ConsumerNetworkClient.java:535)
	at org.apache.kafka.clients.consumer.internals.ConsumerNetworkClient.poll(ConsumerNetworkClient.java:296)
	at org.apache.kafka.clients.consumer.internals.ConsumerNetworkClient.pollNoWakeup(ConsumerNetworkClient.java:321)
	at org.apache.kafka.clients.consumer.internals.AbstractCoordinator.maybeLeaveGroup(AbstractCoordinator.java:1141)
	at org.apache.kafka.clients.consumer.internals.AbstractCoordinator.close(AbstractCoordinator.java:1101)
	at org.apache.kafka.clients.consumer.internals.ConsumerCoordinator.close(ConsumerCoordinator.java:1060)
	at org.apache.kafka.clients.consumer.KafkaConsumer.lambda$close$2(KafkaConsumer.java:2392)
	at org.apache.kafka.common.utils.Utils.swallow(Utils.java:1056)
	at org.apache.kafka.clients.consumer.KafkaConsumer.close(KafkaConsumer.java:2392)
	at org.apache.kafka.clients.consumer.KafkaConsumer.close(KafkaConsumer.java:2348)
	at org.apache.kafka.clients.consumer.KafkaConsumer.close(KafkaConsumer.java:2321)
	at ru.mai.lessons.rpks.impl.KafkaReaderImpl.processing(KafkaReaderImpl.java:74)
	at ru.mai.lessons.rpks.impl.ServiceFiltering.start(ServiceFiltering.java:15)
	at ru.mai.lessons.rpks.ServiceTest.lambda$testStartService$49(ServiceTest.java:1332)
	at java.base/java.util.concurrent.FutureTask.run(FutureTask.java:264)
	at java.base/java.util.concurrent.ThreadPoolExecutor.runWorker(ThreadPoolExecutor.java:1136)
	at java.base/java.util.concurrent.ThreadPoolExecutor$Worker.run(ThreadPoolExecutor.java:635)
	at java.base/java.lang.Thread.run(Thread.java:840)
Caused by: java.lang.InterruptedException: null
	... 18 common frames omitted
]]></system-out>
  <system-err><![CDATA[]]></system-err>
</testsuite>
